#
# There is insufficient memory for the Java Runtime Environment to continue.
# Native memory allocation (mmap) failed to map 260046848 bytes for G1 virtual space
# Possible reasons:
#   The system is out of physical RAM or swap space
#   The process is running with CompressedOops enabled, and the Java Heap may be blocking the growth of the native heap
# Possible solutions:
#   Reduce memory load on the system
#   Increase physical memory or swap space
#   Check if swap backing store is full
#   Decrease Java heap size (-Xmx/-Xms)
#   Decrease number of Java threads
#   Decrease Java thread stack sizes (-Xss)
#   Set larger code cache with -XX:ReservedCodeCacheSize=
#   JVM is running with Zero Based Compressed Oops mode in which the Java heap is
#     placed in the first 32GB address space. The Java Heap base address is the
#     maximum limit for the native heap growth. Please use -XX:HeapBaseMinAddress
#     to set the Java Heap base and to place the Java Heap above 32GB virtual address.
# This output file may be truncated or incomplete.
#
#  Out of Memory Error (os_windows.cpp:3613), pid=23096, tid=16716
#
# JRE version:  (17.0.9+9) (build )
# Java VM: OpenJDK 64-Bit Server VM (17.0.9+9, mixed mode, sharing, tiered, compressed oops, compressed class ptrs, g1 gc, windows-amd64)
# No core dump will be written. Minidumps are not enabled by default on client versions of Windows
#

---------------  S U M M A R Y ------------

Command Line: 

Host: AMD Ryzen 5 5600H with Radeon Graphics         , 12 cores, 15G,  Windows 10 , 64 bit Build 19041 (10.0.19041.5438)
Time: Sat Mar 29 15:01:05 2025 RTZ 4 (s 10 , 64 bit Build 19041 (10.0.19041.5438) elapsed time: 0.006565 seconds (0d 0h 0m 0s)

---------------  T H R E A D  ---------------

Current thread (0x000001e7c9ebe4c0):  JavaThread "Unknown thread" [_thread_in_vm, id=16716, stack(0x000000868af00000,0x000000868b000000)]

Stack: [0x000000868af00000,0x000000868b000000]
Native frames: (J=compiled Java code, j=interpreted, Vv=VM code, C=native code)
V  [jvm.dll+0x67cf49]
V  [jvm.dll+0x83478a]
V  [jvm.dll+0x83624e]
V  [jvm.dll+0x8368b3]
V  [jvm.dll+0x247f1f]
V  [jvm.dll+0x679d69]
V  [jvm.dll+0x66e6ba]
V  [jvm.dll+0x307e5b]
V  [jvm.dll+0x30f306]
V  [jvm.dll+0x35f0ce]
V  [jvm.dll+0x35f2ff]
V  [jvm.dll+0x2dea58]
V  [jvm.dll+0x2df9c4]
V  [jvm.dll+0x806031]
V  [jvm.dll+0x36cf31]
V  [jvm.dll+0x7e4aac]
V  [jvm.dll+0x3f07af]
V  [jvm.dll+0x3f23e1]
C  [jli.dll+0x528f]
C  [ucrtbase.dll+0x21bb2]
C  [KERNEL32.DLL+0x17374]
C  [ntdll.dll+0x4cc91]


---------------  P R O C E S S  ---------------

Threads class SMR info:
_java_thread_list=0x00007fff6f9fee98, length=0, elements={
}

Java Threads: ( => current thread )

Other Threads:
  0x000001e7c9f27fb0 GCTaskThread "GC Thread#0" [stack: 0x000000868b000000,0x000000868b100000] [id=20112]
  0x000001e7c9f38580 ConcurrentGCThread "G1 Main Marker" [stack: 0x000000868b100000,0x000000868b200000] [id=17208]
  0x000001e7c9f39740 ConcurrentGCThread "G1 Conc#0" [stack: 0x000000868b200000,0x000000868b300000] [id=17820]

[error occurred during error reporting (printing all threads), id 0xc0000005, EXCEPTION_ACCESS_VIOLATION (0xc0000005) at pc=0x00007fff6f1bf497]

VM state: not at safepoint (not fully initialized)

VM Mutex/Monitor currently owned by a thread:  ([mutex/lock_event])
[0x000001e7c9eb80b0] Heap_lock - owner thread: 0x000001e7c9ebe4c0

Heap address: 0x0000000709800000, size: 3944 MB, Compressed Oops mode: Zero based, Oop shift amount: 3

CDS archive(s) mapped at: [0x0000000000000000-0x0000000000000000-0x0000000000000000), size 0, SharedBaseAddress: 0x0000000800000000, ArchiveRelocationMode: 1.
Narrow klass base: 0x0000000000000000, Narrow klass shift: 0, Narrow klass range: 0x0

GC Precious Log:
<Empty>

Heap:
 garbage-first heap   total 0K, used 0K [0x0000000709800000, 0x0000000800000000)
  region size 2048K, 0 young (0K), 0 survivors (0K)

[error occurred during error reporting (printing heap information), id 0xc0000005, EXCEPTION_ACCESS_VIOLATION (0xc0000005) at pc=0x00007fff6f5a6c79]

GC Heap History (0 events):
No events

Dll operation events (1 events):
Event: 0.004 Loaded shared library D:\Unity\6000.0.23f1\Editor\Data\PlaybackEngines\AndroidPlayer\OpenJDK\bin\java.dll

Deoptimization events (0 events):
No events

Classes unloaded (0 events):
No events

Classes redefined (0 events):
No events

Internal exceptions (0 events):
No events

VM Operations (0 events):
No events

Events (0 events):
No events


Dynamic libraries:
0x00007ff77e320000 - 0x00007ff77e32e000 	D:\Unity\6000.0.23f1\Editor\Data\PlaybackEngines\AndroidPlayer\OpenJDK\bin\java.exe
0x00007ff881810000 - 0x00007ff881a08000 	C:\Windows\SYSTEM32\ntdll.dll
0x00007ff880770000 - 0x00007ff880832000 	C:\Windows\System32\KERNEL32.DLL
0x00007ff87f1d0000 - 0x00007ff87f4cf000 	C:\Windows\System32\KERNELBASE.dll
0x00007ff87f080000 - 0x00007ff87f180000 	C:\Windows\System32\ucrtbase.dll
0x00007ff8584f0000 - 0x00007ff85850b000 	D:\Unity\6000.0.23f1\Editor\Data\PlaybackEngines\AndroidPlayer\OpenJDK\bin\VCRUNTIME140.dll
0x00007ff845d90000 - 0x00007ff845da7000 	D:\Unity\6000.0.23f1\Editor\Data\PlaybackEngines\AndroidPlayer\OpenJDK\bin\jli.dll
0x00007ff881600000 - 0x00007ff88179d000 	C:\Windows\System32\USER32.dll
0x00007ff86d750000 - 0x00007ff86d9ea000 	C:\Windows\WinSxS\amd64_microsoft.windows.common-controls_6595b64144ccf1df_6.0.19041.4355_none_60b8b9eb71f62e16\COMCTL32.dll
0x00007ff87f590000 - 0x00007ff87f5b2000 	C:\Windows\System32\win32u.dll
0x00007ff880030000 - 0x00007ff8800ce000 	C:\Windows\System32\msvcrt.dll
0x00007ff880740000 - 0x00007ff88076b000 	C:\Windows\System32\GDI32.dll
0x00007ff87f710000 - 0x00007ff87f82a000 	C:\Windows\System32\gdi32full.dll
0x00007ff87f5c0000 - 0x00007ff87f65d000 	C:\Windows\System32\msvcp_win.dll
0x00007ff8817a0000 - 0x00007ff8817cf000 	C:\Windows\System32\IMM32.DLL
0x00007ff86e0f0000 - 0x00007ff86e0fc000 	D:\Unity\6000.0.23f1\Editor\Data\PlaybackEngines\AndroidPlayer\OpenJDK\bin\vcruntime140_1.dll
0x00007ff8410d0000 - 0x00007ff84115d000 	D:\Unity\6000.0.23f1\Editor\Data\PlaybackEngines\AndroidPlayer\OpenJDK\bin\msvcp140.dll
0x00007fff6eed0000 - 0x00007fff6fb31000 	D:\Unity\6000.0.23f1\Editor\Data\PlaybackEngines\AndroidPlayer\OpenJDK\bin\server\jvm.dll
0x00007ff880b70000 - 0x00007ff880c1f000 	C:\Windows\System32\ADVAPI32.dll
0x00007ff8814d0000 - 0x00007ff88156f000 	C:\Windows\System32\sechost.dll
0x00007ff880560000 - 0x00007ff880683000 	C:\Windows\System32\RPCRT4.dll
0x00007ff87f560000 - 0x00007ff87f587000 	C:\Windows\System32\bcrypt.dll
0x00007ff87e440000 - 0x00007ff87e48b000 	C:\Windows\SYSTEM32\POWRPROF.dll
0x00007ff85f080000 - 0x00007ff85f089000 	C:\Windows\SYSTEM32\WSOCK32.dll
0x00007ff877700000 - 0x00007ff87770a000 	C:\Windows\SYSTEM32\VERSION.dll
0x00007ff87fed0000 - 0x00007ff87ff3b000 	C:\Windows\System32\WS2_32.dll
0x00007ff875bc0000 - 0x00007ff875be7000 	C:\Windows\SYSTEM32\WINMM.dll
0x00007ff87e2b0000 - 0x00007ff87e2c2000 	C:\Windows\SYSTEM32\UMPDC.dll
0x00007ff87d6d0000 - 0x00007ff87d6e2000 	C:\Windows\SYSTEM32\kernel.appcore.dll
0x00007ff850d60000 - 0x00007ff850d6a000 	D:\Unity\6000.0.23f1\Editor\Data\PlaybackEngines\AndroidPlayer\OpenJDK\bin\jimage.dll
0x00007ff87cc30000 - 0x00007ff87ce14000 	C:\Windows\SYSTEM32\DBGHELP.DLL
0x00007ff8721b0000 - 0x00007ff8721e4000 	C:\Windows\SYSTEM32\dbgcore.DLL
0x00007ff87f4d0000 - 0x00007ff87f552000 	C:\Windows\System32\bcryptPrimitives.dll
0x00007ff844c40000 - 0x00007ff844c65000 	D:\Unity\6000.0.23f1\Editor\Data\PlaybackEngines\AndroidPlayer\OpenJDK\bin\java.dll

dbghelp: loaded successfully - version: 4.0.5 - missing functions: none
symbol engine: initialized successfully - sym options: 0x614 - pdb path: .;D:\Unity\6000.0.23f1\Editor\Data\PlaybackEngines\AndroidPlayer\OpenJDK\bin;C:\Windows\SYSTEM32;C:\Windows\WinSxS\amd64_microsoft.windows.common-controls_6595b64144ccf1df_6.0.19041.4355_none_60b8b9eb71f62e16;D:\Unity\6000.0.23f1\Editor\Data\PlaybackEngines\AndroidPlayer\OpenJDK\bin\server

VM Arguments:
java_command: <unknown>
java_class_path (initial): <not set>
Launcher Type: SUN_STANDARD

[Global flags]
     intx CICompilerCount                          = 4                                         {product} {ergonomic}
     uint ConcGCThreads                            = 3                                         {product} {ergonomic}
     uint G1ConcRefinementThreads                  = 10                                        {product} {ergonomic}
   size_t G1HeapRegionSize                         = 2097152                                   {product} {ergonomic}
    uintx GCDrainStackTargetSize                   = 64                                        {product} {ergonomic}
   size_t InitialHeapSize                          = 260046848                                 {product} {ergonomic}
   size_t MarkStackSize                            = 4194304                                   {product} {ergonomic}
   size_t MaxHeapSize                              = 4135583744                                {product} {ergonomic}
   size_t MinHeapDeltaBytes                        = 2097152                                   {product} {ergonomic}
   size_t MinHeapSize                              = 8388608                                   {product} {ergonomic}
    uintx NonNMethodCodeHeapSize                   = 5839372                                {pd product} {ergonomic}
    uintx NonProfiledCodeHeapSize                  = 122909434                              {pd product} {ergonomic}
    uintx ProfiledCodeHeapSize                     = 122909434                              {pd product} {ergonomic}
    uintx ReservedCodeCacheSize                    = 251658240                              {pd product} {ergonomic}
     bool SegmentedCodeCache                       = true                                      {product} {ergonomic}
   size_t SoftMaxHeapSize                          = 4135583744                             {manageable} {ergonomic}
     bool UseCompressedClassPointers               = true                           {product lp64_product} {ergonomic}
     bool UseCompressedOops                        = true                           {product lp64_product} {ergonomic}
     bool UseG1GC                                  = true                                      {product} {ergonomic}
     bool UseLargePagesIndividualAllocation        = false                                  {pd product} {ergonomic}

Logging:
Log output configuration:
 #0: stdout all=warning uptime,level,tags
 #1: stderr all=off uptime,level,tags

Environment Variables:
PATH=C:\Program Files\Microsoft\jdk-17.0.11.9-hotspot\bin;C:\Windows\system32;C:\Windows;C:\Windows\System32\Wbem;C:\Windows\System32\WindowsPowerShell\v1.0\;C:\Windows\System32\OpenSSH\;C:\Program Files (x86)\NVIDIA Corporation\PhysX\Common;C:\Program Files\NVIDIA Corporation\NVIDIA NvDLISR;C:\Program Files\WireGuard\;C:\Program Files\Microsoft SQL Server\150\Tools\Binn\;C:\Program Files\Microsoft SQL Server\Client SDK\ODBC\170\Tools\Binn\;C:\Program Files\PuTTY\;C:\Program Files\TortoiseGit\bin;C:\Program Files\Git\cmd;C:\Program Files\dotnet\;C:\Program Files (x86)\Microsoft SQL Server\160\Tools\Binn\;C:\Program Files\Microsoft SQL Server\160\Tools\Binn\;C:\Program Files\Microsoft SQL Server\160\DTS\Binn\;C:\Program Files (x86)\Microsoft SQL Server\160\DTS\Binn\;C:\Program Files\Azure Data Studio\bin;C:\Program Files\Git LFS;C:\Program Files (x86)\Windows Kits\10\Windows Performance Toolkit\;C:\Program Files\nodejs\;C:\Users\Jim\AppData\Local\Programs\Python\Python310\Scripts\;C:\Users\Jim\AppData\Local\Programs\Python\Python310\;C:\Users\Jim\AppData\Local\Microsoft\WindowsApps;C:\Users\Jim\yandex-cloud\bin;C:\Users\Jim\.dotnet\tools;C:\Users\Jim\AppData\Roaming\itch\broth\butler\versions\15.21.0;;C:\Program Files\Azure Data Studio\bin;C:\Program Files (x86)\Nmap;C:\Users\Jim\AppData\Roaming\npm;C:\Users\Jim\AppData\Roaming\Programs\Zero Install
USERNAME=Jim
OS=Windows_NT
PROCESSOR_IDENTIFIER=AMD64 Family 25 Model 80 Stepping 0, AuthenticAMD
TMP=C:\Users\Jim\AppData\Local\Temp
TEMP=C:\Users\Jim\AppData\Local\Temp



Periodic native trim disabled


---------------  S Y S T E M  ---------------

OS:
 Windows 10 , 64 bit Build 19041 (10.0.19041.5438)
OS uptime: 0 days 19:40 hours

CPU: total 12 (initial active 12) (12 cores per cpu, 2 threads per core) family 25 model 80 stepping 0 microcode 0x0, cx8, cmov, fxsr, ht, mmx, 3dnowpref, sse, sse2, sse3, ssse3, sse4a, sse4.1, sse4.2, popcnt, lzcnt, tsc, tscinvbit, avx, avx2, aes, erms, clmul, bmi1, bmi2, adx, sha, fma, vzeroupper, clflush, clflushopt
Processor Information for all 12 processors :
  Max Mhz: 3301, Current Mhz: 3301, Mhz Limit: 3301

Memory: 4k page, system-wide physical 15773M (405M free)
TotalPageFile size 21784M (AvailPageFile size 37M)
current process WorkingSet (physical memory assigned to process): 10M, peak: 10M
current process commit charge ("private bytes"): 64M, peak: 312M

vm_info: OpenJDK 64-Bit Server VM (17.0.9+9) for windows-amd64 JRE (17.0.9+9), built on Oct 26 2023 14:01:42 by "admin" with MS VC++ 16.10 / 16.11 (VS2019)

END.
